<?xml version="1.0" encoding="UTF-8" ?>
<testsuite failures="0" time="1.327" errors="0" skipped="0" tests="14" name="org.org.usurper.UsurperSpringTest">
  <properties>
[...]
</properties>
  <testcase time="0.002" classname="org.org.usurper.UsurperSpringTest" name="testGenerateObject"/>
  <testcase time="0.013" classname="org.org.usurper.UsurperSpringTest" name="testGenerateList"/>
  <testcase time="0.006" classname="org.org.usurper.UsurperSpringTest" name="testGenerateSet"/>
  <testcase time="0.025" classname="org.org.usurper.UsurperSpringTest" name="testGenerateMap"/>
  <testcase time="0.43" classname="org.org.usurper.UsurperSpringTest" name="testGenerateObjectWithNamespaceHandler"/>
  <testcase time="0.093" classname="org.org.usurper.UsurperSpringTest" name="testGenerateListWithNamespaceHandler"/>
  <testcase time="0.11" classname="org.org.usurper.UsurperSpringTest" name="testGenerateSetWithNamespaceHandler"/>
  <testcase time="0.07" classname="org.org.usurper.UsurperSpringTest" name="testGenerateMapWithNamespaceHandler"/>
  <testcase time="0.241" classname="org.org.usurper.UsurperSpringTest" name="testMethodInterceptor"/>
  <testcase time="0.109" classname="org.org.usurper.UsurperSpringTest" name="testMethodInterceptorWithNamespaceHandler"/>
  <testcase time="0.074" classname="org.org.usurper.UsurperSpringTest" name="testMethodInterceptorWithNamespaceHandlerAndImmutables"/>
  <testcase time="0.002" classname="org.org.usurper.UsurperSpringTest" name="testGenerateSetup"/>
  <testcase time="0.073" classname="org.org.usurper.UsurperSpringTest" name="testGenerateSetupWithXMLConfig"/>
  <testcase time="0.07" classname="org.org.usurper.UsurperSpringTest" name="testGenerateSetupWithNamespaceHandler"/>
</testsuite>